[ 2017-11-05T17:36:18+08:00 ] 127.0.0.1 /admin.php?m=Admin&c=Admin&a=Login
INFO: [ app_begin ] --START--
INFO: Run Behavior\ReadHtmlCacheBehavior [ RunTime:0.000436s ]
INFO: Run Behavior\CheckLangBehavior [ RunTime:0.003682s ]
INFO: [ app_begin ] --END-- [ RunTime:0.004534s ]
NOTIC: [8] Undefined index: admin /Library/WebServer/Documents/school/Application/Admin/Controller/CommonController.class.php 第 230 行.
NOTIC: [8] Undefined variable: list /Library/WebServer/Documents/school/Application/Admin/Controller/CommonController.class.php 第 247 行.
NOTIC: [8] Undefined index: admin /Library/WebServer/Documents/school/Application/Admin/Controller/CommonController.class.php 第 249 行.
NOTIC: [8] Undefined index: tx /Library/WebServer/Documents/school/Application/Admin/Controller/CommonController.class.php 第 140 行.
NOTIC: [8] Undefined index: validate /Library/WebServer/Documents/school/ThinkPHP/Library/Think/Model.class.php 第 1185 行.
NOTIC: [8] Undefined index: auto /Library/WebServer/Documents/school/ThinkPHP/Library/Think/Model.class.php 第 1128 行.

[ 2017-11-05T17:36:21+08:00 ] 127.0.0.1 /admin.php?m=Admin&c=Admin&a=update_tixiang
INFO: [ app_begin ] --START--
INFO: Run Behavior\ReadHtmlCacheBehavior [ RunTime:0.000737s ]
INFO: Run Behavior\CheckLangBehavior [ RunTime:0.004637s ]
INFO: [ app_begin ] --END-- [ RunTime:0.005902s ]
NOTIC: [8] Undefined variable: list /Library/WebServer/Documents/school/Application/Admin/Controller/CommonController.class.php 第 247 行.
INFO: [ app_end ] --START--
INFO: Run Behavior\ShowPageTraceBehavior [ RunTime:0.000599s ]
INFO: [ app_end ] --END-- [ RunTime:0.000674s ]

[ 2017-11-05T17:36:43+08:00 ] 127.0.0.1 /admin.php?m=Admin&c=Subject&a=GetNodeSon
INFO: [ app_begin ] --START--
INFO: Run Behavior\ReadHtmlCacheBehavior [ RunTime:0.000538s ]
INFO: Run Behavior\CheckLangBehavior [ RunTime:0.004570s ]
INFO: [ app_begin ] --END-- [ RunTime:0.005590s ]
NOTIC: [8] Undefined variable: list /Library/WebServer/Documents/school/Application/Admin/Controller/CommonController.class.php 第 247 行.

[ 2017-11-05T17:37:32+08:00 ] 127.0.0.1 /admin.php?m=Admin&c=Admin&a=update_tixiang
INFO: [ app_begin ] --START--
INFO: Run Behavior\ReadHtmlCacheBehavior [ RunTime:0.000525s ]
INFO: Run Behavior\CheckLangBehavior [ RunTime:0.005018s ]
INFO: [ app_begin ] --END-- [ RunTime:0.006019s ]
NOTIC: [8] Undefined variable: list /Library/WebServer/Documents/school/Application/Admin/Controller/CommonController.class.php 第 247 行.
INFO: [ app_end ] --START--
INFO: Run Behavior\ShowPageTraceBehavior [ RunTime:0.000786s ]
INFO: [ app_end ] --END-- [ RunTime:0.000851s ]

[ 2017-11-05T17:40:23+08:00 ] 127.0.0.1 /admin.php?m=Admin&c=Admin&a=update_tixiang
INFO: [ app_begin ] --START--
INFO: Run Behavior\ReadHtmlCacheBehavior [ RunTime:0.001399s ]
INFO: Run Behavior\CheckLangBehavior [ RunTime:0.007883s ]
INFO: [ app_begin ] --END-- [ RunTime:0.010428s ]
NOTIC: [8] Undefined variable: list /Library/WebServer/Documents/school/Application/Admin/Controller/CommonController.class.php 第 247 行.
INFO: [ app_end ] --START--
INFO: Run Behavior\ShowPageTraceBehavior [ RunTime:0.000817s ]
INFO: [ app_end ] --END-- [ RunTime:0.000897s ]

[ 2017-11-05T17:50:06+08:00 ] 127.0.0.1 /admin.php?m=Admin&c=Admin&a=update_tixiang
INFO: [ app_begin ] --START--
INFO: Run Behavior\ReadHtmlCacheBehavior [ RunTime:0.000711s ]
INFO: Run Behavior\CheckLangBehavior [ RunTime:0.005179s ]
INFO: [ app_begin ] --END-- [ RunTime:0.006538s ]
NOTIC: [8] Undefined variable: list /Library/WebServer/Documents/school/Application/Admin/Controller/CommonController.class.php 第 247 行.
INFO: [ app_end ] --START--
INFO: Run Behavior\ShowPageTraceBehavior [ RunTime:0.000686s ]
INFO: [ app_end ] --END-- [ RunTime:0.000753s ]

[ 2017-11-05T18:25:14+08:00 ] 127.0.0.1 /admin.php?m=Admin&c=Admin&a=update_tixiang
INFO: [ app_begin ] --START--
INFO: Run Behavior\ReadHtmlCacheBehavior [ RunTime:0.000541s ]
INFO: Run Behavior\CheckLangBehavior [ RunTime:0.004768s ]
INFO: [ app_begin ] --END-- [ RunTime:0.005741s ]
NOTIC: [8] Undefined variable: list /Library/WebServer/Documents/school/Application/Admin/Controller/CommonController.class.php 第 247 行.
INFO: [ app_end ] --START--
INFO: Run Behavior\ShowPageTraceBehavior [ RunTime:0.000867s ]
INFO: [ app_end ] --END-- [ RunTime:0.000942s ]

[ 2017-11-05T18:34:48+08:00 ] 127.0.0.1 /admin.php?m=Admin&c=Admin&a=update_tixiang
INFO: [ app_begin ] --START--
INFO: Run Behavior\ReadHtmlCacheBehavior [ RunTime:0.001118s ]
INFO: Run Behavior\CheckLangBehavior [ RunTime:0.007373s ]
INFO: [ app_begin ] --END-- [ RunTime:0.009216s ]
NOTIC: [8] Undefined variable: list /Library/WebServer/Documents/school/Application/Admin/Controller/CommonController.class.php 第 247 行.
INFO: [ app_end ] --START--
INFO: Run Behavior\ShowPageTraceBehavior [ RunTime:0.000605s ]
INFO: [ app_end ] --END-- [ RunTime:0.000670s ]

[ 2017-11-05T18:47:01+08:00 ] 127.0.0.1 /admin.php?m=Admin&c=Admin&a=Login
INFO: [ app_begin ] --START--
INFO: Run Behavior\ReadHtmlCacheBehavior [ RunTime:0.000397s ]
INFO: Run Behavior\CheckLangBehavior [ RunTime:0.003881s ]
INFO: [ app_begin ] --END-- [ RunTime:0.004619s ]
NOTIC: [8] Undefined index: admin /Library/WebServer/Documents/school/Application/Admin/Controller/CommonController.class.php 第 230 行.
NOTIC: [8] Undefined variable: list /Library/WebServer/Documents/school/Application/Admin/Controller/CommonController.class.php 第 247 行.
NOTIC: [8] Undefined index: admin /Library/WebServer/Documents/school/Application/Admin/Controller/CommonController.class.php 第 249 行.
NOTIC: [8] Undefined index: tx /Library/WebServer/Documents/school/Application/Admin/Controller/CommonController.class.php 第 140 行.
NOTIC: [8] Undefined index: validate /Library/WebServer/Documents/school/ThinkPHP/Library/Think/Model.class.php 第 1185 行.
NOTIC: [8] Undefined index: auto /Library/WebServer/Documents/school/ThinkPHP/Library/Think/Model.class.php 第 1128 行.

[ 2017-11-05T18:47:03+08:00 ] 127.0.0.1 /admin.php?m=Admin&c=Admin&a=update_tixiang
INFO: [ app_begin ] --START--
INFO: Run Behavior\ReadHtmlCacheBehavior [ RunTime:0.000473s ]
INFO: Run Behavior\CheckLangBehavior [ RunTime:0.022668s ]
INFO: [ app_begin ] --END-- [ RunTime:0.023580s ]
NOTIC: [8] Undefined variable: list /Library/WebServer/Documents/school/Application/Admin/Controller/CommonController.class.php 第 247 行.
INFO: [ app_end ] --START--
INFO: Run Behavior\ShowPageTraceBehavior [ RunTime:0.000542s ]
INFO: [ app_end ] --END-- [ RunTime:0.000596s ]

[ 2017-11-05T18:47:06+08:00 ] 127.0.0.1 /admin.php?m=Admin&c=Admin&a=update_tixiang
INFO: [ app_begin ] --START--
INFO: Run Behavior\ReadHtmlCacheBehavior [ RunTime:0.000477s ]
INFO: Run Behavior\CheckLangBehavior [ RunTime:0.009426s ]
INFO: [ app_begin ] --END-- [ RunTime:0.010336s ]
NOTIC: [8] Undefined variable: list /Library/WebServer/Documents/school/Application/Admin/Controller/CommonController.class.php 第 247 行.
INFO: [ app_end ] --START--
INFO: Run Behavior\ShowPageTraceBehavior [ RunTime:0.001058s ]
INFO: [ app_end ] --END-- [ RunTime:0.001147s ]

[ 2017-11-05T18:47:31+08:00 ] 127.0.0.1 /admin.php?m=Admin&c=Xuesheng&a=Save
INFO: [ app_begin ] --START--
INFO: Run Behavior\ReadHtmlCacheBehavior [ RunTime:0.000467s ]
INFO: Run Behavior\CheckLangBehavior [ RunTime:0.005717s ]
INFO: [ app_begin ] --END-- [ RunTime:0.006923s ]
NOTIC: [8] Undefined variable: list /Library/WebServer/Documents/school/Application/Admin/Controller/CommonController.class.php 第 247 行.
NOTIC: [8] Undefined index: validate /Library/WebServer/Documents/school/ThinkPHP/Library/Think/Model.class.php 第 1185 行.
NOTIC: [8] Undefined index: auto /Library/WebServer/Documents/school/ThinkPHP/Library/Think/Model.class.php 第 1128 行.
NOTIC: [8] Undefined index: xx_id /Library/WebServer/Documents/school/Application/Admin/Controller/XueshengController.class.php 第 549 行.
NOTIC: [8] Undefined index: xx_id /Library/WebServer/Documents/school/Application/Admin/Controller/XueshengController.class.php 第 557 行.

[ 2017-11-05T18:48:52+08:00 ] 127.0.0.1 /admin.php?m=Admin&c=Admin&a=update_tixiang
INFO: [ app_begin ] --START--
INFO: Run Behavior\ReadHtmlCacheBehavior [ RunTime:0.000457s ]
INFO: Run Behavior\CheckLangBehavior [ RunTime:0.005085s ]
INFO: [ app_begin ] --END-- [ RunTime:0.005945s ]
INFO: [ app_end ] --START--
INFO: Run Behavior\ShowPageTraceBehavior [ RunTime:0.000945s ]
INFO: [ app_end ] --END-- [ RunTime:0.001044s ]

[ 2017-11-05T18:49:09+08:00 ] 127.0.0.1 /admin.php?m=Admin&c=Admin&a=update_tixiang
INFO: [ app_begin ] --START--
INFO: Run Behavior\ReadHtmlCacheBehavior [ RunTime:0.000411s ]
INFO: Run Behavior\CheckLangBehavior [ RunTime:0.006620s ]
INFO: [ app_begin ] --END-- [ RunTime:0.007377s ]
INFO: [ app_end ] --START--
INFO: Run Behavior\ShowPageTraceBehavior [ RunTime:0.000990s ]
INFO: [ app_end ] --END-- [ RunTime:0.001071s ]

[ 2017-11-05T18:49:12+08:00 ] 127.0.0.1 /admin.php?m=Admin&c=Admin&a=update_tixiang
INFO: [ app_begin ] --START--
INFO: Run Behavior\ReadHtmlCacheBehavior [ RunTime:0.000478s ]
INFO: Run Behavior\CheckLangBehavior [ RunTime:0.005767s ]
INFO: [ app_begin ] --END-- [ RunTime:0.006655s ]
INFO: [ app_end ] --START--
INFO: Run Behavior\ShowPageTraceBehavior [ RunTime:0.001849s ]
INFO: [ app_end ] --END-- [ RunTime:0.001959s ]

[ 2017-11-05T18:50:49+08:00 ] 127.0.0.1 /admin.php?m=Admin&c=Admin&a=update_tixiang
INFO: [ app_begin ] --START--
INFO: Run Behavior\ReadHtmlCacheBehavior [ RunTime:0.001482s ]
INFO: Run Behavior\CheckLangBehavior [ RunTime:0.003919s ]
INFO: [ app_begin ] --END-- [ RunTime:0.005903s ]
INFO: [ app_end ] --START--
INFO: Run Behavior\ShowPageTraceBehavior [ RunTime:0.000528s ]
INFO: [ app_end ] --END-- [ RunTime:0.000587s ]

[ 2017-11-05T18:50:55+08:00 ] 127.0.0.1 /admin.php?m=Admin&c=Admin&a=update_tixiang
INFO: [ app_begin ] --START--
INFO: Run Behavior\ReadHtmlCacheBehavior [ RunTime:0.002427s ]
INFO: Run Behavior\CheckLangBehavior [ RunTime:0.005760s ]
INFO: [ app_begin ] --END-- [ RunTime:0.008749s ]
INFO: [ app_end ] --START--
INFO: Run Behavior\ShowPageTraceBehavior [ RunTime:0.000949s ]
INFO: [ app_end ] --END-- [ RunTime:0.001037s ]

[ 2017-11-05T18:52:04+08:00 ] 127.0.0.1 /admin.php?m=Admin&c=Admin&a=update_tixiang
INFO: [ app_begin ] --START--
INFO: Run Behavior\ReadHtmlCacheBehavior [ RunTime:0.000414s ]
INFO: Run Behavior\CheckLangBehavior [ RunTime:0.003845s ]
INFO: [ app_begin ] --END-- [ RunTime:0.004656s ]
INFO: [ app_end ] --START--
INFO: Run Behavior\ShowPageTraceBehavior [ RunTime:0.000521s ]
INFO: [ app_end ] --END-- [ RunTime:0.000579s ]

[ 2017-11-05T18:52:08+08:00 ] 127.0.0.1 /admin.php?m=Admin&c=Admin&a=update_tixiang
INFO: [ app_begin ] --START--
INFO: Run Behavior\ReadHtmlCacheBehavior [ RunTime:0.000566s ]
INFO: Run Behavior\CheckLangBehavior [ RunTime:0.004911s ]
INFO: [ app_begin ] --END-- [ RunTime:0.005910s ]
INFO: [ app_end ] --START--
INFO: Run Behavior\ShowPageTraceBehavior [ RunTime:0.000581s ]
INFO: [ app_end ] --END-- [ RunTime:0.000655s ]

[ 2017-11-05T18:52:32+08:00 ] 127.0.0.1 /admin.php?m=Admin&c=Admin&a=update_tixiang
INFO: [ app_begin ] --START--
INFO: Run Behavior\ReadHtmlCacheBehavior [ RunTime:0.000451s ]
INFO: Run Behavior\CheckLangBehavior [ RunTime:0.005336s ]
INFO: [ app_begin ] --END-- [ RunTime:0.006196s ]
INFO: [ app_end ] --START--
INFO: Run Behavior\ShowPageTraceBehavior [ RunTime:0.001036s ]
INFO: [ app_end ] --END-- [ RunTime:0.001110s ]

[ 2017-11-05T18:53:13+08:00 ] 127.0.0.1 /admin.php?m=Admin&c=Admin&a=update_tixiang
INFO: [ app_begin ] --START--
INFO: Run Behavior\ReadHtmlCacheBehavior [ RunTime:0.000479s ]
INFO: Run Behavior\CheckLangBehavior [ RunTime:0.004038s ]
INFO: [ app_begin ] --END-- [ RunTime:0.004936s ]
INFO: [ app_end ] --START--
INFO: Run Behavior\ShowPageTraceBehavior [ RunTime:0.002758s ]
INFO: [ app_end ] --END-- [ RunTime:0.002873s ]

[ 2017-11-05T18:54:16+08:00 ] 127.0.0.1 /admin.php?m=Admin&c=Admin&a=update_tixiang
INFO: [ app_begin ] --START--
INFO: Run Behavior\ReadHtmlCacheBehavior [ RunTime:0.001030s ]
INFO: Run Behavior\CheckLangBehavior [ RunTime:0.010265s ]
INFO: [ app_begin ] --END-- [ RunTime:0.012783s ]
INFO: [ app_end ] --START--
INFO: Run Behavior\ShowPageTraceBehavior [ RunTime:0.001579s ]
INFO: [ app_end ] --END-- [ RunTime:0.001669s ]

[ 2017-11-05T18:55:08+08:00 ] 127.0.0.1 /admin.php?m=Admin&c=Admin&a=Login
INFO: [ app_begin ] --START--
INFO: Run Behavior\ReadHtmlCacheBehavior [ RunTime:0.000479s ]
INFO: Run Behavior\CheckLangBehavior [ RunTime:0.005440s ]
INFO: [ app_begin ] --END-- [ RunTime:0.006354s ]
NOTIC: [8] Undefined index: admin /Library/WebServer/Documents/school/Application/Admin/Controller/CommonController.class.php 第 230 行.
NOTIC: [8] Undefined index: admin /Library/WebServer/Documents/school/Application/Admin/Controller/CommonController.class.php 第 249 行.
NOTIC: [8] Undefined index: tx /Library/WebServer/Documents/school/Application/Admin/Controller/CommonController.class.php 第 140 行.
NOTIC: [8] Undefined index: validate /Library/WebServer/Documents/school/ThinkPHP/Library/Think/Model.class.php 第 1185 行.
NOTIC: [8] Undefined index: auto /Library/WebServer/Documents/school/ThinkPHP/Library/Think/Model.class.php 第 1128 行.

[ 2017-11-05T18:55:10+08:00 ] 127.0.0.1 /admin.php?m=Admin&c=Admin&a=update_tixiang
INFO: [ app_begin ] --START--
INFO: Run Behavior\ReadHtmlCacheBehavior [ RunTime:0.009410s ]
INFO: Run Behavior\CheckLangBehavior [ RunTime:0.004840s ]
INFO: [ app_begin ] --END-- [ RunTime:0.014727s ]
NOTIC: [8] Undefined variable: list /Library/WebServer/Documents/school/Application/Admin/Controller/CommonController.class.php 第 247 行.
INFO: [ app_end ] --START--
INFO: Run Behavior\ShowPageTraceBehavior [ RunTime:0.000538s ]
INFO: [ app_end ] --END-- [ RunTime:0.000590s ]

[ 2017-11-05T18:55:58+08:00 ] 127.0.0.1 /admin.php?m=Admin&c=Admin&a=update_tixiang
INFO: [ app_begin ] --START--
INFO: Run Behavior\ReadHtmlCacheBehavior [ RunTime:0.000461s ]
INFO: Run Behavior\CheckLangBehavior [ RunTime:0.004264s ]
INFO: [ app_begin ] --END-- [ RunTime:0.005143s ]
NOTIC: [8] Undefined variable: list /Library/WebServer/Documents/school/Application/Admin/Controller/CommonController.class.php 第 247 行.
INFO: [ app_end ] --START--
INFO: Run Behavior\ShowPageTraceBehavior [ RunTime:0.000820s ]
INFO: [ app_end ] --END-- [ RunTime:0.000896s ]

[ 2017-11-05T21:08:12+08:00 ] 127.0.0.1 /admin.php?m=Admin&c=Admin&a=Login
INFO: [ app_begin ] --START--
INFO: Run Behavior\ReadHtmlCacheBehavior [ RunTime:0.000442s ]
INFO: Run Behavior\CheckLangBehavior [ RunTime:0.004080s ]
INFO: [ app_begin ] --END-- [ RunTime:0.004912s ]
NOTIC: [8] Undefined index: admin /Library/WebServer/Documents/school/Application/Admin/Controller/CommonController.class.php 第 230 行.
NOTIC: [8] Undefined index: admin /Library/WebServer/Documents/school/Application/Admin/Controller/CommonController.class.php 第 249 行.
NOTIC: [8] Undefined index: tx /Library/WebServer/Documents/school/Application/Admin/Controller/CommonController.class.php 第 140 行.
NOTIC: [8] Undefined index: validate /Library/WebServer/Documents/school/ThinkPHP/Library/Think/Model.class.php 第 1185 行.
NOTIC: [8] Undefined index: auto /Library/WebServer/Documents/school/ThinkPHP/Library/Think/Model.class.php 第 1128 行.

[ 2017-11-05T21:08:17+08:00 ] 127.0.0.1 /admin.php?m=Admin&c=Admin&a=update_tixiang
INFO: [ app_begin ] --START--
INFO: Run Behavior\ReadHtmlCacheBehavior [ RunTime:0.000460s ]
INFO: Run Behavior\CheckLangBehavior [ RunTime:0.004365s ]
INFO: [ app_begin ] --END-- [ RunTime:0.005226s ]
INFO: [ app_end ] --START--
INFO: Run Behavior\ShowPageTraceBehavior [ RunTime:0.000595s ]
INFO: [ app_end ] --END-- [ RunTime:0.000668s ]

[ 2017-11-05T21:39:38+08:00 ] 127.0.0.1 /admin.php?m=Admin&c=Admin&a=Login
INFO: [ app_begin ] --START--
INFO: Run Behavior\ReadHtmlCacheBehavior [ RunTime:0.000378s ]
INFO: Run Behavior\CheckLangBehavior [ RunTime:0.003158s ]
INFO: [ app_begin ] --END-- [ RunTime:0.003837s ]
NOTIC: [8] Undefined index: admin /Library/WebServer/Documents/school/Application/Admin/Controller/CommonController.class.php 第 230 行.
NOTIC: [8] Undefined index: admin /Library/WebServer/Documents/school/Application/Admin/Controller/CommonController.class.php 第 249 行.
NOTIC: [8] Undefined index: tx /Library/WebServer/Documents/school/Application/Admin/Controller/CommonController.class.php 第 140 行.
NOTIC: [8] Undefined index: validate /Library/WebServer/Documents/school/ThinkPHP/Library/Think/Model.class.php 第 1185 行.
NOTIC: [8] Undefined index: auto /Library/WebServer/Documents/school/ThinkPHP/Library/Think/Model.class.php 第 1128 行.

[ 2017-11-05T21:39:40+08:00 ] 127.0.0.1 /admin.php?m=Admin&c=Admin&a=update_tixiang
INFO: [ app_begin ] --START--
INFO: Run Behavior\ReadHtmlCacheBehavior [ RunTime:0.000455s ]
INFO: Run Behavior\CheckLangBehavior [ RunTime:0.004099s ]
INFO: [ app_begin ] --END-- [ RunTime:0.004974s ]
NOTIC: [8] Undefined variable: list /Library/WebServer/Documents/school/Application/Admin/Controller/CommonController.class.php 第 247 行.
INFO: [ app_end ] --START--
INFO: Run Behavior\ShowPageTraceBehavior [ RunTime:0.000552s ]
INFO: [ app_end ] --END-- [ RunTime:0.000897s ]

[ 2017-11-05T21:49:22+08:00 ] 127.0.0.1 /admin.php?m=Admin&c=Qiandao&a=Qiandao
INFO: [ app_begin ] --START--
INFO: Run Behavior\ReadHtmlCacheBehavior [ RunTime:0.000506s ]
INFO: Run Behavior\CheckLangBehavior [ RunTime:0.004768s ]
INFO: [ app_begin ] --END-- [ RunTime:0.006383s ]

[ 2017-11-05T21:50:10+08:00 ] 127.0.0.1 /admin.php?m=Admin&c=Admin&a=Login
INFO: [ app_begin ] --START--
INFO: Run Behavior\ReadHtmlCacheBehavior [ RunTime:0.000881s ]
INFO: Run Behavior\CheckLangBehavior [ RunTime:0.004039s ]
INFO: [ app_begin ] --END-- [ RunTime:0.005849s ]
NOTIC: [8] Undefined index: admin /Library/WebServer/Documents/school/Application/Admin/Controller/CommonController.class.php 第 230 行.
NOTIC: [8] Undefined index: admin /Library/WebServer/Documents/school/Application/Admin/Controller/CommonController.class.php 第 249 行.
NOTIC: [8] Undefined index: tx /Library/WebServer/Documents/school/Application/Admin/Controller/CommonController.class.php 第 140 行.
NOTIC: [8] Undefined index: validate /Library/WebServer/Documents/school/ThinkPHP/Library/Think/Model.class.php 第 1185 行.
NOTIC: [8] Undefined index: auto /Library/WebServer/Documents/school/ThinkPHP/Library/Think/Model.class.php 第 1128 行.

[ 2017-11-05T21:50:14+08:00 ] 127.0.0.1 /admin.php?m=Admin&c=Admin&a=update_tixiang
INFO: [ app_begin ] --START--
INFO: Run Behavior\ReadHtmlCacheBehavior [ RunTime:0.000428s ]
INFO: Run Behavior\CheckLangBehavior [ RunTime:0.004320s ]
INFO: [ app_begin ] --END-- [ RunTime:0.005118s ]
INFO: [ app_end ] --START--
INFO: Run Behavior\ShowPageTraceBehavior [ RunTime:0.000525s ]
INFO: [ app_end ] --END-- [ RunTime:0.000585s ]

[ 2017-11-05T21:50:32+08:00 ] 127.0.0.1 /admin.php?m=Admin&c=Xuesheng&a=Save
INFO: [ app_begin ] --START--
INFO: Run Behavior\ReadHtmlCacheBehavior [ RunTime:0.000436s ]
INFO: Run Behavior\CheckLangBehavior [ RunTime:0.003853s ]
INFO: [ app_begin ] --END-- [ RunTime:0.004678s ]
NOTIC: [8] Undefined index: validate /Library/WebServer/Documents/school/ThinkPHP/Library/Think/Model.class.php 第 1185 行.
NOTIC: [8] Undefined index: auto /Library/WebServer/Documents/school/ThinkPHP/Library/Think/Model.class.php 第 1128 行.

[ 2017-11-05T21:50:41+08:00 ] 127.0.0.1 /admin.php?m=Admin&c=Xuesheng&a=Save
INFO: [ app_begin ] --START--
INFO: Run Behavior\ReadHtmlCacheBehavior [ RunTime:0.000438s ]
INFO: Run Behavior\CheckLangBehavior [ RunTime:0.004497s ]
INFO: [ app_begin ] --END-- [ RunTime:0.005493s ]
NOTIC: [8] Undefined index: validate /Library/WebServer/Documents/school/ThinkPHP/Library/Think/Model.class.php 第 1185 行.
NOTIC: [8] Undefined index: auto /Library/WebServer/Documents/school/ThinkPHP/Library/Think/Model.class.php 第 1128 行.

[ 2017-11-05T21:50:47+08:00 ] 127.0.0.1 /admin.php?m=Admin&c=Xuesheng&a=Save
INFO: [ app_begin ] --START--
INFO: Run Behavior\ReadHtmlCacheBehavior [ RunTime:0.000453s ]
INFO: Run Behavior\CheckLangBehavior [ RunTime:0.003474s ]
INFO: [ app_begin ] --END-- [ RunTime:0.004341s ]
NOTIC: [8] Undefined index: validate /Library/WebServer/Documents/school/ThinkPHP/Library/Think/Model.class.php 第 1185 行.
NOTIC: [8] Undefined index: auto /Library/WebServer/Documents/school/ThinkPHP/Library/Think/Model.class.php 第 1128 行.

[ 2017-11-05T21:50:55+08:00 ] 127.0.0.1 /admin.php?m=Admin&c=Qiandao&a=Qiandao
INFO: [ app_begin ] --START--
INFO: Run Behavior\ReadHtmlCacheBehavior [ RunTime:0.000399s ]
INFO: Run Behavior\CheckLangBehavior [ RunTime:0.003218s ]
INFO: [ app_begin ] --END-- [ RunTime:0.003934s ]

[ 2017-11-05T21:50:58+08:00 ] 127.0.0.1 /admin.php?m=Admin&c=Qiandao&a=Qiandao
INFO: [ app_begin ] --START--
INFO: Run Behavior\ReadHtmlCacheBehavior [ RunTime:0.000425s ]
INFO: Run Behavior\CheckLangBehavior [ RunTime:0.003305s ]
INFO: [ app_begin ] --END-- [ RunTime:0.004067s ]

[ 2017-11-05T21:51:08+08:00 ] 127.0.0.1 /admin.php?m=Admin&c=Qiandao&a=Qiandao
INFO: [ app_begin ] --START--
INFO: Run Behavior\ReadHtmlCacheBehavior [ RunTime:0.000595s ]
INFO: Run Behavior\CheckLangBehavior [ RunTime:0.003451s ]
INFO: [ app_begin ] --END-- [ RunTime:0.004574s ]

[ 2017-11-05T21:52:05+08:00 ] 127.0.0.1 /admin.php?m=Admin&c=Admin&a=update_tixiang
INFO: [ app_begin ] --START--
INFO: Run Behavior\ReadHtmlCacheBehavior [ RunTime:0.000708s ]
INFO: Run Behavior\CheckLangBehavior [ RunTime:0.005931s ]
INFO: [ app_begin ] --END-- [ RunTime:0.009472s ]
INFO: [ app_end ] --START--
INFO: Run Behavior\ShowPageTraceBehavior [ RunTime:0.001501s ]
INFO: [ app_end ] --END-- [ RunTime:0.001625s ]

[ 2017-11-05T22:04:12+08:00 ] 127.0.0.1 /admin.php?m=Admin&c=Admin&a=update_tixiang
INFO: [ app_begin ] --START--
INFO: Run Behavior\ReadHtmlCacheBehavior [ RunTime:0.001218s ]
INFO: Run Behavior\CheckLangBehavior [ RunTime:0.004233s ]
INFO: [ app_begin ] --END-- [ RunTime:0.005894s ]
INFO: [ app_end ] --START--
INFO: Run Behavior\ShowPageTraceBehavior [ RunTime:0.000541s ]
INFO: [ app_end ] --END-- [ RunTime:0.000600s ]

[ 2017-11-05T22:09:29+08:00 ] 127.0.0.1 /admin.php?m=Admin&c=Admin&a=update_tixiang
INFO: [ app_begin ] --START--
INFO: Run Behavior\ReadHtmlCacheBehavior [ RunTime:0.000547s ]
INFO: Run Behavior\CheckLangBehavior [ RunTime:0.007259s ]
INFO: [ app_begin ] --END-- [ RunTime:0.008322s ]
INFO: [ app_end ] --START--
INFO: Run Behavior\ShowPageTraceBehavior [ RunTime:0.000670s ]
INFO: [ app_end ] --END-- [ RunTime:0.000752s ]

